c:\users\george\documents\work\4300\project\top-down shooter\visualstudio\debug\vc141.pdb
c:\users\george\documents\work\4300\project\top-down shooter\visualstudio\debug\vc141.idb
c:\users\george\documents\work\4300\project\top-down shooter\visualstudio\debug\vec2.obj
c:\users\george\documents\work\4300\project\top-down shooter\visualstudio\debug\physics.obj
c:\users\george\documents\work\4300\project\top-down shooter\visualstudio\debug\main.obj
c:\users\george\documents\work\4300\project\top-down shooter\visualstudio\debug\gamestate_menu.obj
c:\users\george\documents\work\4300\project\top-down shooter\visualstudio\debug\gamestate.obj
c:\users\george\documents\work\4300\project\top-down shooter\visualstudio\debug\gameengine.obj
c:\users\george\documents\work\4300\project\top-down shooter\visualstudio\debug\entitymanager.obj
c:\users\george\documents\work\4300\project\top-down shooter\visualstudio\debug\entity.obj
c:\users\george\documents\work\4300\project\top-down shooter\visualstudio\debug\assets.obj
c:\users\george\documents\work\4300\project\top-down shooter\visualstudio\debug\animation.obj
c:\users\george\documents\work\4300\project\top-down shooter\visualstudio\debug\gamestate_play.obj
c:\users\george\documents\work\4300\project\top-down shooter\visualstudio\debug\sfmlgame.tlog\cl.command.1.tlog
c:\users\george\documents\work\4300\project\top-down shooter\visualstudio\debug\sfmlgame.tlog\cl.read.1.tlog
c:\users\george\documents\work\4300\project\top-down shooter\visualstudio\debug\sfmlgame.tlog\cl.write.1.tlog
c:\users\george\documents\work\4300\project\top-down shooter\visualstudio\debug\sfmlgame.tlog\link.141964-cvtres.read.1.tlog
c:\users\george\documents\work\4300\project\top-down shooter\visualstudio\debug\sfmlgame.tlog\link.141964-cvtres.write.1.tlog
c:\users\george\documents\work\4300\project\top-down shooter\visualstudio\debug\sfmlgame.tlog\link.141964-rc.read.1.tlog
c:\users\george\documents\work\4300\project\top-down shooter\visualstudio\debug\sfmlgame.tlog\link.141964-rc.write.1.tlog
c:\users\george\documents\work\4300\project\top-down shooter\visualstudio\debug\sfmlgame.tlog\link.141964.read.1.tlog
c:\users\george\documents\work\4300\project\top-down shooter\visualstudio\debug\sfmlgame.tlog\link.141964.write.1.tlog
c:\users\george\documents\work\4300\project\top-down shooter\visualstudio\debug\sfmlgame.tlog\link.command.1.tlog
c:\users\george\documents\work\4300\project\top-down shooter\visualstudio\debug\sfmlgame.tlog\link.read.1.tlog
c:\users\george\documents\work\4300\project\top-down shooter\visualstudio\debug\sfmlgame.tlog\link.write.1.tlog
